Instance name,  X location,  Y location,  Voltage 
RAM, 430.13, 462.875, -1.88018e-08
RAM, 430.44, 447.885, -1.88835e-08
RAM, 428.89, 447.885, -1.19102e-08
RAM, 430.44, 445.405, -1.88814e-08
RAM, 428.89, 445.405, -1.17951e-08
RAM, 430.44, 443.235, -1.92927e-08
RAM, 428.89, 443.235, -1.33528e-08
RAM, 430.13, 427.675, -1.79006e-08
RAM, 430.44, 428.375, -1.79326e-08
RAM, 428.89, 428.375, -1.76645e-08
RAM, 430.44, 425.895, -1.88354e-08
RAM, 428.89, 425.895, -1.08531e-08
RAM, 430.44, 423.415, -1.88307e-08
RAM, 428.89, 423.415, -1.07266e-08
RAM, 430.44, 420.935, -1.88238e-08
RAM, 428.89, 420.935, -1.0598e-08
RAM, 430.44, 419.385, -2.25537e-08
RAM, 428.89, 419.385, -2.54584e-08
RAM, 430.13, 388.11, -1.84298e-08
RAM, 430.13, 374.085, -1.73682e-08
RAM, 430.44, 373.93, -1.74154e-08
RAM, 428.89, 373.93, -1.70165e-08
RAM, 430.44, 371.45, -1.86254e-08
RAM, 428.89, 371.45, -7.94171e-09
RAM, 430.13, 342.02, -1.90583e-08
RAM, 430.44, 326.875, -1.87987e-08
RAM, 428.89, 326.875, -5.4076e-09
RAM, 430.44, 324.395, -1.88041e-08
RAM, 428.89, 324.395, -5.26234e-09
RAM, 430.44, 321.915, -1.88052e-08
RAM, 428.89, 321.915, -5.11279e-09
RAM, 430.44, 320.055, -2.00479e-08
RAM, 428.89, 320.055, -9.97814e-09
RAM, 430.44, 326.88, -1.87987e-08
RAM, 428.89, 326.88, -5.4076e-09
RAM, 430.44, 324.4, -1.88041e-08
RAM, 428.89, 324.4, -5.26234e-09
RAM, 430.44, 321.92, -1.88052e-08
RAM, 428.89, 321.92, -5.11279e-09
RAM, 430.44, 320.06, -2.00479e-08
RAM, 428.89, 320.06, -9.97814e-09
RAM, 430.13, 309.25, -1.72524e-08
RAM, 430.13, 300.25, -1.70906e-08
RAM, 430.13, 291.25, -1.69211e-08
RAM, 430.13, 282.25, -1.67439e-08
RAM, 430.13, 273.25, -1.65589e-08
RAM, 430.13, 264.25, -1.63661e-08
RAM, 430.13, 255.25, -1.61656e-08
RAM, 430.13, 246.25, -1.59573e-08
RAM, 430.13, 237.25, -1.57413e-08
RAM, 430.13, 228.25, -1.55175e-08
RAM, 430.13, 219.25, -1.5286e-08
RAM, 430.13, 210.25, -1.50467e-08
RAM, 430.13, 201.25, -1.47997e-08
RAM, 430.13, 192.25, -1.45449e-08
RAM, 430.13, 183.25, -1.42824e-08
RAM, 430.13, 174.25, -1.40121e-08
RAM, 430.13, 165.25, -1.37341e-08
RAM, 430.13, 156.25, -1.34483e-08
RAM, 430.13, 147.25, -1.31547e-08
RAM, 430.13, 138.25, -1.28535e-08
RAM, 430.13, 129.25, -1.25444e-08
RAM, 430.13, 120.25, -1.22276e-08
RAM, 430.13, 111.25, -1.1903e-08
RAM, 430.13, 102.25, -1.15707e-08
RAM, 430.13, 93.25, -1.12307e-08
RAM, 430.13, 84.25, -1.08829e-08
RAM, 430.13, 75.25, -1.05273e-08
RAM, 430.13, 66.25, -1.0164e-08
RAM, 430.13, 57.25, -9.79291e-09
RAM, 430.13, 48.25, -9.41408e-09
RAM, 430.13, 39.25, -9.0275e-09
RAM, 430.13, 30.25, -8.63317e-09
RAM, 430.13, 21.25, -8.23109e-09
RAM, 6.72, 462.875, -7.96702e-09
RAM, 7.03, 447.885, -8.04224e-09
RAM, 5.48, 447.885, -6.5502e-09
RAM, 7.03, 445.405, -8.0401e-09
RAM, 5.48, 445.405, -6.57914e-09
RAM, 7.03, 443.235, -8.45142e-09
RAM, 5.48, 443.235, -8.26282e-09
RAM, 6.72, 427.675, -7.82487e-09
RAM, 6.72, 420.785, -7.81081e-09
RAM, 7.03, 428.375, -7.83077e-09
RAM, 5.48, 428.375, -7.78823e-09
RAM, 7.03, 425.895, -7.99117e-09
RAM, 5.48, 425.895, -6.77244e-09
RAM, 7.03, 423.415, -7.98278e-09
RAM, 5.48, 423.415, -6.79238e-09
RAM, 7.03, 420.935, -7.81664e-09
RAM, 5.48, 420.935, -7.77471e-09
RAM, 7.03, 419.385, -1.17041e-08
RAM, 5.48, 419.385, -2.17618e-08
RAM, 6.72, 388.11, -7.68626e-09
RAM, 6.72, 374.085, -7.79547e-09
RAM, 7.03, 373.93, -7.79642e-09
RAM, 5.48, 373.93, -7.76762e-09
RAM, 7.03, 371.45, -7.82987e-09
RAM, 5.48, 371.45, -7.0709e-09
RAM, 6.72, 342.02, -8.31942e-09
RAM, 7.03, 326.88, -7.95869e-09
RAM, 5.48, 326.88, -7.22447e-09
RAM, 7.03, 324.4, -7.96372e-09
RAM, 5.48, 324.4, -7.23088e-09
RAM, 7.03, 321.92, -7.96662e-09
RAM, 5.48, 321.92, -7.23515e-09
RAM, 7.03, 320.06, -9.21236e-09
RAM, 5.48, 320.06, -1.22175e-08
RAM, 6.72, 309.25, -6.52503e-09
RAM, 6.72, 300.25, -6.36644e-09
RAM, 6.72, 291.25, -6.2001e-09
RAM, 6.72, 282.25, -6.026e-09
RAM, 6.72, 273.25, -5.84415e-09
RAM, 6.72, 264.25, -5.65455e-09
RAM, 6.72, 255.25, -5.4572e-09
RAM, 6.72, 246.25, -5.25209e-09
RAM, 6.72, 237.25, -5.03923e-09
RAM, 6.72, 228.25, -4.81862e-09
RAM, 6.72, 219.25, -4.59026e-09
RAM, 6.72, 210.25, -4.35414e-09
RAM, 6.72, 201.25, -4.11027e-09
RAM, 6.72, 192.25, -3.85865e-09
RAM, 6.72, 183.25, -3.59927e-09
RAM, 6.72, 174.25, -3.33215e-09
RAM, 6.72, 165.25, -3.05727e-09
RAM, 6.72, 156.25, -2.77463e-09
RAM, 6.72, 147.25, -2.48425e-09
RAM, 6.72, 138.25, -2.18611e-09
RAM, 6.72, 129.25, -1.88022e-09
RAM, 6.72, 120.25, -1.56657e-09
RAM, 6.72, 111.25, -1.24518e-09
RAM, 6.72, 102.25, -1.43546e-09
RAM, 6.72, 93.25, -1.61799e-09
RAM, 6.72, 84.25, -1.79277e-09
RAM, 6.72, 75.25, -1.95979e-09
RAM, 6.72, 66.25, -2.11907e-09
RAM, 6.72, 57.25, -2.27059e-09
RAM, 6.72, 48.25, -2.41435e-09
RAM, 6.72, 39.25, -2.55037e-09
RAM, 6.72, 30.25, -2.67863e-09
RAM, 6.72, 21.25, -2.79914e-09

