[INFO]: Run Directory: /home/hosni/GF180/PnR_2/caravel_mgmt_soc_gf180mcu/openlane/gf180_ram_512x8_wrapper/runs/RUN_2022.12.05_15.55.40
[INFO]: Storing configs into config.tcl ...
[INFO]: Preparing LEF files for the nom corner...
[INFO]: Extracting the number of available metal layers from /home/hosni/GF180/PnR_2/OpenLane/pdks/gf180mcuC/libs.ref/gf180mcu_fd_sc_mcu7t5v0/techlef/gf180mcu_fd_sc_mcu7t5v0__nom.tlef...
[INFO]: The available metal layers (5) are Metal1 Metal2 Metal3 Metal4 Metal5.
[INFO]: Merging LEF Files...
[INFO]: Created merged LEF without pads at 'gf180_ram_512x8_wrapper/runs/RUN_2022.12.05_15.55.40/tmp/merged.nom.lef'...
[INFO]: Added extra lefs to 'gf180_ram_512x8_wrapper/runs/RUN_2022.12.05_15.55.40/tmp/merged.nom.lef'...
[INFO]: Preparing LEF files for the min corner...
[INFO]: Created merged LEF without pads at 'gf180_ram_512x8_wrapper/runs/RUN_2022.12.05_15.55.40/tmp/merged.min.lef'...
[INFO]: Added extra lefs to 'gf180_ram_512x8_wrapper/runs/RUN_2022.12.05_15.55.40/tmp/merged.min.lef'...
[INFO]: Preparing LEF files for the max corner...
[INFO]: Created merged LEF without pads at 'gf180_ram_512x8_wrapper/runs/RUN_2022.12.05_15.55.40/tmp/merged.max.lef'...
[INFO]: Added extra lefs to 'gf180_ram_512x8_wrapper/runs/RUN_2022.12.05_15.55.40/tmp/merged.max.lef'...
[INFO]: Trimming liberty files {/home/hosni/GF180/PnR_2/caravel_mgmt_soc_gf180mcu/openlane/gf180_ram_512x8_wrapper/runs/RUN_2022.12.05_15.55.40/tmp/synthesis/merged.lib} into /home/hosni/GF180/PnR_2/caravel_mgmt_soc_gf180mcu/openlane/gf180_ram_512x8_wrapper/runs/RUN_2022.12.05_15.55.40/tmp/synthesis/trimmed.lib...
[INFO]: Generating cell exclude list...
[INFO]: Creating ::env(DONT_USE_CELLS)...
[INFO]: Created ::env(DONT_USE_CELLS): {gf180mcu_fd_sc_mcu7t5v0__mux2_1 gf180mcu_fd_sc_mcu7t5v0__oai33_2 gf180mcu_fd_sc_mcu7t5v0__sdffq_1 gf180mcu_fd_sc_mcu7t5v0__sdffq_2 gf180mcu_fd_sc_mcu7t5v0__sdffq_4 gf180mcu_fd_sc_mcu7t5v0__sdffrnq_1 gf180mcu_fd_sc_mcu7t5v0__sdffrnq_2 gf180mcu_fd_sc_mcu7t5v0__sdffrnq_4 gf180mcu_fd_sc_mcu7t5v0__sdffrsnq_1 gf180mcu_fd_sc_mcu7t5v0__sdffrsnq_2 gf180mcu_fd_sc_mcu7t5v0__sdffrsnq_4 gf180mcu_fd_sc_mcu7t5v0__sdffsnq_1 gf180mcu_fd_sc_mcu7t5v0__sdffsnq_2 gf180mcu_fd_sc_mcu7t5v0__sdffsnq_4  }
[INFO]: Trimming liberty files {/home/hosni/GF180/PnR_2//OpenLane/pdks/gf180mcuC/libs.ref/gf180mcu_fd_sc_mcu7t5v0/liberty/gf180mcu_fd_sc_mcu7t5v0__tt_025C_5v00.lib} into /home/hosni/GF180/PnR_2/caravel_mgmt_soc_gf180mcu/openlane/gf180_ram_512x8_wrapper/runs/RUN_2022.12.05_15.55.40/tmp/cts/cts.lib...
[INFO]: Generating cell exclude list...
[INFO]: Creating ::env(DONT_USE_CELLS)...
[INFO]: Created ::env(DONT_USE_CELLS): {gf180mcu_fd_sc_mcu7t5v0__mux2_1 gf180mcu_fd_sc_mcu7t5v0__oai33_2 }
[INFO]: Verifying existence of files defined in ::env(EXTRA_GDS_FILES)...
[INFO]: /home/hosni/GF180/PnR_2//OpenLane/pdks/gf180mcuC/libs.ref/gf180mcu_fd_ip_sram/gds/gf180mcu_fd_ip_sram__sram512x8m8wm1.gds existence verified.
[INFO]: Running Synthesis (log: gf180_ram_512x8_wrapper/runs/RUN_2022.12.05_15.55.40/logs/synthesis/1-synthesis.log)...
[INFO]: Executing yosys with Tcl script '../../../../../../openlane/scripts/yosys/synth.tcl'...
[INFO]: Changing netlist to 'gf180_ram_512x8_wrapper/runs/RUN_2022.12.05_15.55.40/results/synthesis/gf180_ram_512x8_wrapper.v'...
[INFO]: Running Single-Corner Static Timing Analysis (log: gf180_ram_512x8_wrapper/runs/RUN_2022.12.05_15.55.40/logs/synthesis/2-sta.log)...
[INFO]: Executing openroad with Tcl script '../../../../../../openlane/scripts/openroad/sta.tcl'...
[INFO]: Running Initial Floorplanning (log: gf180_ram_512x8_wrapper/runs/RUN_2022.12.05_15.55.40/logs/floorplan/3-initial_fp.log)...
[INFO]: Executing openroad with Tcl script '../../../../../../openlane/scripts/openroad/floorplan.tcl'...
[INFO]: Changing layout to 'gf180_ram_512x8_wrapper/runs/RUN_2022.12.05_15.55.40/tmp/floorplan/3-initial_fp.def'...
[INFO]: Changing timing constraints to 'gf180_ram_512x8_wrapper/runs/RUN_2022.12.05_15.55.40/tmp/floorplan/3-initial_fp.sdc'...
[INFO]: Changing database to 'gf180_ram_512x8_wrapper/runs/RUN_2022.12.05_15.55.40/tmp/floorplan/3-initial_fp.odb'...
[INFO]: Core area width: 431.2
[INFO]: Core area height: 462.56
[INFO]: Final Vertical PDN Offset: 16.32
[INFO]: Final Horizontal PDN Offset: 16.65
[INFO]: Final Vertical PDN Pitch: 153.6
[INFO]: Final Horizontal PDN Pitch: 153.18
[INFO]: Extracting core dimensions...
[INFO]: Floorplanned with width 431.2 and height 462.56.
[INFO]: Running IO Placement (log: gf180_ram_512x8_wrapper/runs/RUN_2022.12.05_15.55.40/logs/floorplan/4-place_io.log)...
[INFO]: Changing layout to 'gf180_ram_512x8_wrapper/runs/RUN_2022.12.05_15.55.40/tmp/floorplan/4-io.def'...
[INFO]: Changing database to 'gf180_ram_512x8_wrapper/runs/RUN_2022.12.05_15.55.40/tmp/floorplan/4-io.odb'...
[INFO]: Applying DEF template...
[INFO]: Performing Manual Macro Placement (log: gf180_ram_512x8_wrapper/runs/RUN_2022.12.05_15.55.40/logs/placement/5-macro_placement.log)...
[INFO]: Changing database to 'gf180_ram_512x8_wrapper/runs/RUN_2022.12.05_15.55.40/tmp/floorplan/4-io.macro_placement.odb'...
[INFO]: Changing layout to 'gf180_ram_512x8_wrapper/runs/RUN_2022.12.05_15.55.40/tmp/floorplan/4-io.macro_placement.def'...
[INFO]: Power planning with power {VDD} and ground {VSS}...
[INFO]: Generating PDN (log: gf180_ram_512x8_wrapper/runs/RUN_2022.12.05_15.55.40/logs/floorplan/6-pdn.log)...
[INFO]: Executing openroad with Tcl script '../../../../../../openlane/scripts/openroad/pdn.tcl'...
[INFO]: Changing layout to 'gf180_ram_512x8_wrapper/runs/RUN_2022.12.05_15.55.40/tmp/floorplan/6-pdn.def'...
[INFO]: Changing database to 'gf180_ram_512x8_wrapper/runs/RUN_2022.12.05_15.55.40/tmp/floorplan/6-pdn.odb'...
[INFO]: Running Global Placement (log: gf180_ram_512x8_wrapper/runs/RUN_2022.12.05_15.55.40/logs/placement/7-global.log)...
[INFO]: Executing openroad with Tcl script '../../../../../../openlane/scripts/openroad/gpl.tcl'...
[INFO]: Changing layout to 'gf180_ram_512x8_wrapper/runs/RUN_2022.12.05_15.55.40/tmp/placement/7-global.def'...
[INFO]: Changing database to 'gf180_ram_512x8_wrapper/runs/RUN_2022.12.05_15.55.40/tmp/placement/7-global.odb'...
[INFO]: Skipping Placement Resizer Design Optimizations.
[INFO]: Running Detailed Placement (log: gf180_ram_512x8_wrapper/runs/RUN_2022.12.05_15.55.40/logs/placement/8-detailed.log)...
[INFO]: Executing openroad with Tcl script '../../../../../../openlane/scripts/openroad/dpl.tcl'...
[INFO]: Changing layout to 'gf180_ram_512x8_wrapper/runs/RUN_2022.12.05_15.55.40/results/placement/gf180_ram_512x8_wrapper.def'...
[INFO]: Changing database to 'gf180_ram_512x8_wrapper/runs/RUN_2022.12.05_15.55.40/results/placement/gf180_ram_512x8_wrapper.odb'...
[INFO]: Changing netlist to 'gf180_ram_512x8_wrapper/runs/RUN_2022.12.05_15.55.40/results/placement/gf180_ram_512x8_wrapper.nl.v'...
[INFO]: Skipping Placement Resizer Timing Optimizations.
[INFO]: Starting routing process...
[INFO]: Skipping Global Routing Resizer Timing Optimizations.
[INFO]: Running Detailed Placement (log: gf180_ram_512x8_wrapper/runs/RUN_2022.12.05_15.55.40/logs/routing/9-diode_legalization.log)...
[INFO]: Executing openroad with Tcl script '../../../../../../openlane/scripts/openroad/dpl.tcl'...
[INFO]: Changing layout to 'gf180_ram_512x8_wrapper/runs/RUN_2022.12.05_15.55.40/tmp/routing/diode.def'...
[INFO]: Changing database to 'gf180_ram_512x8_wrapper/runs/RUN_2022.12.05_15.55.40/tmp/routing/diode.odb'...
[INFO]: Changing netlist to 'gf180_ram_512x8_wrapper/runs/RUN_2022.12.05_15.55.40/tmp/routing/diode.nl.v'...
[INFO]: Running Global Routing (log: gf180_ram_512x8_wrapper/runs/RUN_2022.12.05_15.55.40/logs/routing/10-global.log)...
[INFO]: Executing openroad with Tcl script '../../../../../../openlane/scripts/openroad/groute.tcl'...
[INFO]: Changing layout to 'gf180_ram_512x8_wrapper/runs/RUN_2022.12.05_15.55.40/tmp/routing/10-global.def'...
[INFO]: Changing guide to 'gf180_ram_512x8_wrapper/runs/RUN_2022.12.05_15.55.40/tmp/routing/10-global.guide'...
[INFO]: Changing database to 'gf180_ram_512x8_wrapper/runs/RUN_2022.12.05_15.55.40/tmp/routing/10-global.odb'...
[INFO]: Writing Verilog (log: gf180_ram_512x8_wrapper/runs/RUN_2022.12.05_15.55.40/logs/routing/10-global_write_netlist.log)...
[INFO]: Executing openroad with Tcl script '../../../../../../openlane/scripts/openroad/write_views.tcl'...
[INFO]: Changing netlist to 'gf180_ram_512x8_wrapper/runs/RUN_2022.12.05_15.55.40/tmp/routing/global.nl.v'...
[INFO]: Running Detailed Routing (log: gf180_ram_512x8_wrapper/runs/RUN_2022.12.05_15.55.40/logs/routing/12-detailed.log)...
[INFO]: Executing openroad with Tcl script '../../../../../../openlane/scripts/openroad/droute.tcl'...
[INFO]: Changing layout to 'gf180_ram_512x8_wrapper/runs/RUN_2022.12.05_15.55.40/results/routing/gf180_ram_512x8_wrapper.def'...
[INFO]: Changing database to 'gf180_ram_512x8_wrapper/runs/RUN_2022.12.05_15.55.40/results/routing/gf180_ram_512x8_wrapper.odb'...
[INFO]: Changing netlist to 'gf180_ram_512x8_wrapper/runs/RUN_2022.12.05_15.55.40/results/routing/gf180_ram_512x8_wrapper.nl.v'...
[INFO]: No DRC violations after detailed routing.
[INFO]: Checking Wire Lengths (log: gf180_ram_512x8_wrapper/runs/RUN_2022.12.05_15.55.40/logs/routing/13-wire_lengths.log)...
[INFO]: Creating IR Drop Report (log: gf180_ram_512x8_wrapper/runs/RUN_2022.12.05_15.55.40/logs/signoff/14-irdrop.log)...
[INFO]: Executing openroad with Tcl script '../../../../../../openlane/scripts/openroad/irdrop.tcl'...
[INFO]: Running Magic to generate various views...
[INFO]: Streaming out GDSII with Magic (log: gf180_ram_512x8_wrapper/runs/RUN_2022.12.05_15.55.40/logs/signoff/15-gdsii.log)...
[INFO]: Executing magic with Tcl script '../../../../../../openlane/scripts/magic/def/mag_gds.tcl'...
[INFO]: Generating MAGLEF views...
[INFO]: Executing magic with Tcl script '../../../../../../openlane/scripts/magic/gds/mag_with_pointers.tcl'...
[INFO]: Executing magic with Tcl script '../../../../../../openlane/scripts/magic/mag/lef.tcl'...
[INFO]: Executing magic with Tcl script '../../../../../../openlane/scripts/magic/lef/maglef.tcl'...
[INFO]: Running Magic Spice Export from GDS (log: gf180_ram_512x8_wrapper/runs/RUN_2022.12.05_15.55.40/logs/signoff/16-gds.spice.log)...
[INFO]: Executing magic with Tcl script '../../../../../../openlane/scripts/magic/extract_spice.tcl'...
[INFO]: Starting LVS process...
[INFO]: Writing Powered Verilog (logs: gf180_ram_512x8_wrapper/runs/RUN_2022.12.05_15.55.40/logs/signoff/17-write_powered_def.log, gf180_ram_512x8_wrapper/runs/RUN_2022.12.05_15.55.40/logs/signoff/17-write_powered_verilog.log)...
[INFO]: Writing Verilog (log: gf180_ram_512x8_wrapper/runs/RUN_2022.12.05_15.55.40/logs/signoff/17-write_powered_verilog.log)...
[INFO]: Executing openroad with Tcl script '../../../../../../openlane/scripts/openroad/write_views.tcl'...
[INFO]: Changing netlist to 'gf180_ram_512x8_wrapper/runs/RUN_2022.12.05_15.55.40/tmp/signoff/16-gf180_ram_512x8_wrapper.nl.v'...
[INFO]: Running LVS (log: gf180_ram_512x8_wrapper/runs/RUN_2022.12.05_15.55.40/logs/signoff/19-lvs.gds.log)...
[INFO]: /home/hosni/GF180/PnR_2/caravel_mgmt_soc_gf180mcu/openlane/gf180_ram_512x8_wrapper/runs/RUN_2022.12.05_15.55.40/results/signoff/gf180_ram_512x8_wrapper.gds.spice against /home/hosni/GF180/PnR_2/caravel_mgmt_soc_gf180mcu/openlane/gf180_ram_512x8_wrapper/runs/RUN_2022.12.05_15.55.40/tmp/signoff/16-gf180_ram_512x8_wrapper.pnl.v
[INFO]: Running Magic DRC (log: gf180_ram_512x8_wrapper/runs/RUN_2022.12.05_15.55.40/logs/signoff/20-drc.log)...
[INFO]: Executing magic with Tcl script '../../../../../../openlane/scripts/magic/drc.tcl'...
[INFO]: Converting Magic DRC database to various tool-readable formats...
[INFO]: Running OpenROAD Antenna Rule Checker (log: gf180_ram_512x8_wrapper/runs/RUN_2022.12.05_15.55.40/logs/signoff/21-antenna.log)...
[INFO]: Executing openroad with Tcl script '../../../../../../openlane/scripts/openroad/antenna_check.tcl'...
[WARNING]: This PDK does not support the Circuit Validity Checker, skipping...
[INFO]: Saving current set of views in 'gf180_ram_512x8_wrapper/runs/RUN_2022.12.05_15.55.40/results/final'...
[INFO]: Saving current set of views in '..'...
[INFO]: Calculating runtime...
[INFO]: Saving runtime environment...
[INFO]: Generating final set of reports...
[INFO]: Created manufacturability report at 'gf180_ram_512x8_wrapper/runs/RUN_2022.12.05_15.55.40/reports/manufacturability.rpt'.
[INFO]: Created metrics report at 'gf180_ram_512x8_wrapper/runs/RUN_2022.12.05_15.55.40/reports/metrics.csv'.
[INFO]: There are no max slew, max fanout or max capacitance violations in the design at the typical corner.
[INFO]: There are no hold violations in the design at the typical corner.
[INFO]: There are no setup violations in the design at the typical corner.
[SUCCESS]: Flow complete.
[INFO]: Note that the following warnings have been generated:
